<?xml version="1.0" encoding="UTF-8"?>
<testsuite name="GitInternalsTest" tests="1" skipped="0" failures="0" errors="0" timestamp="2021-12-16T16:30:16" hostname="Reds-MacBook-Pro.local" time="0.696">
  <properties/>
  <testcase name="start" classname="GitInternalsTest" time="0.696"/>
  <system-out><![CDATA[?[1;31m
Start test 1?[0m
Enter .git directory location:
> test/gitone
Enter command:
> cat-file
Enter git object hash:
> 0eee6a98471a350b2c2316313114185ecaf82f0e
*COMMIT*
tree: 79401ddb0e2c0fe0472c813754dd4a8873b66a84
parents: 12a4717e84b5e414f93cc91ca50a6d5a6c3563a0
author: Smith mr.smith@matrix original timestamp: 2020-03-29 17:18:20 +03:00
committer: Cypher cypher@matrix commit timestamp: 2020-03-29 17:25:52 +03:00
commit message:
get docs from feature1

?[1;31m
Start test 2?[0m
Enter .git directory location:
> test/gitone
Enter command:
> cat-file
Enter git object hash:
> 490f96725348e92770d3c6bab9ec532564b7ebe0
*BLOB*
fun main() {
    while(true) {
        println("Hello Hyperskill student!")
    }
} 

?[1;31m
Start test 3?[0m
Enter .git directory location:
> test/gitone
Enter command:
> cat-file
Enter git object hash:
> fb043556c251cb450a0d55e4ceb1ff35e12029c3
*TREE*
100644 2b26c15c04375d90203783fb4c2a45ff04b571a6 main.kt
100644 4a8abe7b618ddf9c55adbea359ce891775794a61 readme.txt
?[1;31m
Start test 4?[0m
Enter .git directory location:
> test/gitone
Enter command:
> list-branches
  feature1
  feature2
* master
?[1;31m
Start test 5?[0m
Enter .git directory location:
> test/gitone
Enter command:
> log
Enter branch name:
> master
Commit: fd362f3f305819d17b4359444aa83e17e7d6924a
Neo neo@matrix commit timestamp: 2020-04-04 11:42:08 +03:00
add subfolder

Commit: 39a0337532d7720acc90497043e2ade92c386939
Neo neo@matrix commit timestamp: 2020-04-04 09:59:23 +03:00
this commit message will have multiple lines
we need multiple lines commit message for test purposes
3
4
5

Commit: 6d537a47eddc11f866bcc2013703bf31bfcf9ed8
Cypher cypher@matrix commit timestamp: 2020-03-29 17:29:08 +03:00
Merge branch 'feature2'

Commit: 97e638cc1c7135580c3ff93162e727148e1bad05 (merged)
Cypher cypher@matrix commit timestamp: 2020-03-29 17:27:35 +03:00
break our software

Commit: 31d679c1c2b8fc787ae014c501d4fa6545faa138
Neo neo@matrix commit timestamp: 2020-03-29 17:21:48 +03:00
Merge branch 'feature1'

Commit: 300b1c67b5539bfdcb30f2863d6ac3b3377ad00b (merged)
Morpheus morpheus@matrix commit timestamp: 2020-03-29 17:19:49 +03:00
continue work on documentation

Commit: 4107cf41cf55c4fd38e9da8f3d08d1eaefc3254a
Neo mr.anderson@matrix commit timestamp: 2020-03-29 17:13:44 +03:00
continue work

Commit: 12a4717e84b5e414f93cc91ca50a6d5a6c3563a0
Neo mr.anderson@matrix commit timestamp: 2020-03-29 17:12:52 +03:00
start kotlin project

Commit: 73324685d9dbd1fdda87f3c5c6f77d79c1b769c2
Neo mr.anderson@matrix commit timestamp: 2020-03-29 17:10:52 +03:00
initial commit


?[1;31m
Start test 6?[0m
Enter .git directory location:
> test/gitone
Enter command:
> log
Enter branch name:
> feature2
Commit: 97e638cc1c7135580c3ff93162e727148e1bad05
Cypher cypher@matrix commit timestamp: 2020-03-29 17:27:35 +03:00
break our software

Commit: 0eee6a98471a350b2c2316313114185ecaf82f0e
Cypher cypher@matrix commit timestamp: 2020-03-29 17:25:52 +03:00
get docs from feature1

Commit: 12a4717e84b5e414f93cc91ca50a6d5a6c3563a0
Neo mr.anderson@matrix commit timestamp: 2020-03-29 17:12:52 +03:00
start kotlin project

Commit: 73324685d9dbd1fdda87f3c5c6f77d79c1b769c2
Neo mr.anderson@matrix commit timestamp: 2020-03-29 17:10:52 +03:00
initial commit


?[1;31m
Start test 7?[0m
Enter .git directory location:
> test/gittwo
Enter command:
> cat-file
Enter git object hash:
> 31cddcbd00e715688cd127ad20c2846f9ed98223
*COMMIT*
tree: aaa96ced2d9a1c8e72c56b253a0e2fe78393feb7
author: Kalinka Kali.k4@email.com original timestamp: 2021-12-11 22:31:36 -03:00
committer: Kalinka Kali.k4@email.com commit timestamp: 2021-12-11 22:31:36 -03:00
commit message:
simple hello

?[1;31m
Start test 8?[0m
Enter .git directory location:
> test/gittwo
Enter command:
> cat-file
Enter git object hash:
> dcec4e51e2ce4a46a6206d0d4ab33fa99d8b1ab5
*COMMIT*
tree: d128f76a96c56ac4373717d3fbba4fa5875ca68f
parents: 5ad3239e54ba7c533d9f215a13ac82d14197cd8f | d2c5bedbb2c46945fd84f2ad209a7d4ee047f7f9
author: Kalinka Kali.k4@email.com original timestamp: 2021-12-11 22:49:02 -03:00
committer: Kalinka Kali.k4@email.com commit timestamp: 2021-12-11 22:49:02 -03:00
commit message:
awsome hello

?[1;31m
Start test 9?[0m
Enter .git directory location:
> test/gittwo
Enter command:
> cat-file
Enter git object hash:
> aaa96ced2d9a1c8e72c56b253a0e2fe78393feb7
*TREE*
100644 ce013625030ba8dba906f756967f9e9ca394464a hello.txt
?[1;31m
Start test 10?[0m
Enter .git directory location:
> test/gittwo
Enter command:
> list-branches
  helloWithFeature1
  helloWithFeature2
* main
?[1;31m
Start test 11?[0m
Enter .git directory location:
> test/gittwo
Enter command:
> log
Enter branch name:
> main
Commit: dcec4e51e2ce4a46a6206d0d4ab33fa99d8b1ab5
Kalinka Kali.k4@email.com commit timestamp: 2021-12-11 22:49:02 -03:00
awsome hello

Commit: d2c5bedbb2c46945fd84f2ad209a7d4ee047f7f9 (merged)
Ivan Petrovich@moon.org commit timestamp: 2021-12-11 22:43:54 -03:00
hello of the champions

Commit: 5ad3239e54ba7c533d9f215a13ac82d14197cd8f
Kalinka Kali.k4@email.com commit timestamp: 2021-12-11 22:46:28 -03:00
maybe hello

Commit: 31cddcbd00e715688cd127ad20c2846f9ed98223
Kalinka Kali.k4@email.com commit timestamp: 2021-12-11 22:31:36 -03:00
simple hello


?[1;31m
Start test 12?[0m
Enter .git directory location:
> test/gittwo
Enter command:
> log
Enter branch name:
> helloWithFeature1
Commit: c5e4a1239e11e51e95b051e2f25c3325b5004676
Yulia yulia@coldmail.com commit timestamp: 2021-12-11 22:36:46 -03:00
internacional hello

Commit: 31cddcbd00e715688cd127ad20c2846f9ed98223
Kalinka Kali.k4@email.com commit timestamp: 2021-12-11 22:31:36 -03:00
simple hello


]]></system-out>
  <system-err><![CDATA[command: cat-file
gitDirectory: test/gitone
raw content:
commit 216?tree 79401ddb0e2c0fe0472c813754dd4a8873b66a84
parent 12a4717e84b5e414f93cc91ca50a6d5a6c3563a0
author Smith <mr.smith@matrix> 1585491500 +0300
committer Cypher <cypher@matrix> 1585491952 +0300

get docs from feature1

git object:
*COMMIT*
tree: 79401ddb0e2c0fe0472c813754dd4a8873b66a84
parents: 12a4717e84b5e414f93cc91ca50a6d5a6c3563a0
author: Smith mr.smith@matrix original timestamp: 2020-03-29 17:18:20 +03:00
committer: Cypher cypher@matrix commit timestamp: 2020-03-29 17:25:52 +03:00
commit message:
get docs from feature1

command: cat-file
gitDirectory: test/gitone
raw content:
blob 85?fun main() {
    while(true) {
        println("Hello Hyperskill student!")
    }
} 

git object:
*BLOB*
fun main() {
    while(true) {
        println("Hello Hyperskill student!")
    }
} 

command: cat-file
gitDirectory: test/gitone
raw content:
tree 73?100644 main.kt?+&￁\?7]ﾐ 7ﾃ￻L*E??ﾵqﾦ100644 readme.txt?Jﾊﾾ{aﾍ￟ﾜUﾭﾾﾣYￎﾉ?uyJa
git object:
*TREE*
100644 2b26c15c04375d90203783fb4c2a45ff04b571a6 main.kt
100644 4a8abe7b618ddf9c55adbea359ce891775794a61 readme.txt
command: list-branches
gitDirectory: test/gitone
head content: ref: refs/heads/master
result:
  feature1
  feature2
* master
command: log
gitDirectory: test/gitone
Commit: fd362f3f305819d17b4359444aa83e17e7d6924a
Neo neo@matrix commit timestamp: 2020-04-04 11:42:08 +03:00
add subfolder

Commit: 39a0337532d7720acc90497043e2ade92c386939
Neo neo@matrix commit timestamp: 2020-04-04 09:59:23 +03:00
this commit message will have multiple lines
we need multiple lines commit message for test purposes
3
4
5

Commit: 6d537a47eddc11f866bcc2013703bf31bfcf9ed8
Cypher cypher@matrix commit timestamp: 2020-03-29 17:29:08 +03:00
Merge branch 'feature2'

Commit: 97e638cc1c7135580c3ff93162e727148e1bad05 (merged)
Cypher cypher@matrix commit timestamp: 2020-03-29 17:27:35 +03:00
break our software

Commit: 31d679c1c2b8fc787ae014c501d4fa6545faa138
Neo neo@matrix commit timestamp: 2020-03-29 17:21:48 +03:00
Merge branch 'feature1'

Commit: 300b1c67b5539bfdcb30f2863d6ac3b3377ad00b (merged)
Morpheus morpheus@matrix commit timestamp: 2020-03-29 17:19:49 +03:00
continue work on documentation

Commit: 4107cf41cf55c4fd38e9da8f3d08d1eaefc3254a
Neo mr.anderson@matrix commit timestamp: 2020-03-29 17:13:44 +03:00
continue work

Commit: 12a4717e84b5e414f93cc91ca50a6d5a6c3563a0
Neo mr.anderson@matrix commit timestamp: 2020-03-29 17:12:52 +03:00
start kotlin project

Commit: 73324685d9dbd1fdda87f3c5c6f77d79c1b769c2
Neo mr.anderson@matrix commit timestamp: 2020-03-29 17:10:52 +03:00
initial commit


command: log
gitDirectory: test/gitone
Commit: 97e638cc1c7135580c3ff93162e727148e1bad05
Cypher cypher@matrix commit timestamp: 2020-03-29 17:27:35 +03:00
break our software

Commit: 0eee6a98471a350b2c2316313114185ecaf82f0e
Cypher cypher@matrix commit timestamp: 2020-03-29 17:25:52 +03:00
get docs from feature1

Commit: 12a4717e84b5e414f93cc91ca50a6d5a6c3563a0
Neo mr.anderson@matrix commit timestamp: 2020-03-29 17:12:52 +03:00
start kotlin project

Commit: 73324685d9dbd1fdda87f3c5c6f77d79c1b769c2
Neo mr.anderson@matrix commit timestamp: 2020-03-29 17:10:52 +03:00
initial commit


command: cat-file
gitDirectory: test/gittwo
raw content:
commit 167?tree aaa96ced2d9a1c8e72c56b253a0e2fe78393feb7
author Kalinka <Kali.k4@email.com> 1639272696 -0300
committer Kalinka <Kali.k4@email.com> 1639272696 -0300

simple hello

git object:
*COMMIT*
tree: aaa96ced2d9a1c8e72c56b253a0e2fe78393feb7
author: Kalinka Kali.k4@email.com original timestamp: 2021-12-11 22:31:36 -03:00
committer: Kalinka Kali.k4@email.com commit timestamp: 2021-12-11 22:31:36 -03:00
commit message:
simple hello

command: cat-file
gitDirectory: test/gittwo
raw content:
commit 263?tree d128f76a96c56ac4373717d3fbba4fa5875ca68f
parent 5ad3239e54ba7c533d9f215a13ac82d14197cd8f
parent d2c5bedbb2c46945fd84f2ad209a7d4ee047f7f9
author Kalinka <Kali.k4@email.com> 1639273742 -0300
committer Kalinka <Kali.k4@email.com> 1639273742 -0300

awsome hello

git object:
*COMMIT*
tree: d128f76a96c56ac4373717d3fbba4fa5875ca68f
parents: 5ad3239e54ba7c533d9f215a13ac82d14197cd8f | d2c5bedbb2c46945fd84f2ad209a7d4ee047f7f9
author: Kalinka Kali.k4@email.com original timestamp: 2021-12-11 22:49:02 -03:00
committer: Kalinka Kali.k4@email.com commit timestamp: 2021-12-11 22:49:02 -03:00
commit message:
awsome hello

command: cat-file
gitDirectory: test/gittwo
raw content:
tree 37?100644 hello.txt?ￎ?6%??ﾨￛﾩ?￷Vﾖ]]>&#x7f;<![CDATA[ﾞﾜﾣﾔFJ
git object:
*TREE*
100644 ce013625030ba8dba906f756967f9e9ca394464a hello.txt
command: list-branches
gitDirectory: test/gittwo
head content: ref: refs/heads/main
result:
  helloWithFeature1
  helloWithFeature2
* main
command: log
gitDirectory: test/gittwo
Commit: dcec4e51e2ce4a46a6206d0d4ab33fa99d8b1ab5
Kalinka Kali.k4@email.com commit timestamp: 2021-12-11 22:49:02 -03:00
awsome hello

Commit: d2c5bedbb2c46945fd84f2ad209a7d4ee047f7f9 (merged)
Ivan Petrovich@moon.org commit timestamp: 2021-12-11 22:43:54 -03:00
hello of the champions

Commit: 5ad3239e54ba7c533d9f215a13ac82d14197cd8f
Kalinka Kali.k4@email.com commit timestamp: 2021-12-11 22:46:28 -03:00
maybe hello

Commit: 31cddcbd00e715688cd127ad20c2846f9ed98223
Kalinka Kali.k4@email.com commit timestamp: 2021-12-11 22:31:36 -03:00
simple hello


command: log
gitDirectory: test/gittwo
Commit: c5e4a1239e11e51e95b051e2f25c3325b5004676
Yulia yulia@coldmail.com commit timestamp: 2021-12-11 22:36:46 -03:00
internacional hello

Commit: 31cddcbd00e715688cd127ad20c2846f9ed98223
Kalinka Kali.k4@email.com commit timestamp: 2021-12-11 22:31:36 -03:00
simple hello


]]></system-err>
</testsuite>
